  Compiling CUDA source file kernel.cu...
  
  C:\Users\andyb\source\repos\particulas\particulas>"C:\Program Files\NVIDIA GPU Computing Toolkit\CUDA\v10.1\bin\nvcc.exe" -gencode=arch=compute_35,code=\"sm_35,compute_35\" --use-local-env -ccbin "C:\Program Files (x86)\Microsoft Visual Studio\2019\Community\VC\Tools\MSVC\14.27.29110\bin\HostX86\x64" -x cu  -I"C:\Users\andyb\OneDrive\Documentos\gpu\simulador\freetype-windows-binaries-master\freetype-windows-binaries-master\include" -I"C:\Program Files\NVIDIA GPU Computing Toolkit\CUDA\v10.1\include" -I"C:\Program Files\NVIDIA GPU Computing Toolkit\CUDA\v10.1\include"  -G   --keep-dir x64\Debug -maxrregcount=0  --machine 64 --compile -cudart static  -g   -DWIN32 -DWIN64 -D_DEBUG -D_CONSOLE -D_MBCS -Xcompiler "/EHsc /W3 /nologo /Od /Fdx64\Debug\vc142.pdb /FS /Zi /RTC1 /MDd " -o x64\Debug\kernel.cu.obj "C:\Users\andyb\source\repos\particulas\particulas\kernel.cu" 
C:\Users\andyb\OneDrive\Documentos\gpu\GL\include\glm\ext\../detail/type_vec2.hpp(94): warning : __device__ annotation is ignored on a function("vec") that is explicitly defaulted on its first declaration
  
C:\Users\andyb\OneDrive\Documentos\gpu\GL\include\glm\ext\../detail/type_vec2.hpp(94): warning : __host__ annotation is ignored on a function("vec") that is explicitly defaulted on its first declaration
  
C:\Users\andyb\OneDrive\Documentos\gpu\GL\include\glm\ext\../detail/type_vec2.hpp(95): warning : __device__ annotation is ignored on a function("vec") that is explicitly defaulted on its first declaration
  
C:\Users\andyb\OneDrive\Documentos\gpu\GL\include\glm\ext\../detail/type_vec2.hpp(95): warning : __host__ annotation is ignored on a function("vec") that is explicitly defaulted on its first declaration
  
C:\Users\andyb\OneDrive\Documentos\gpu\GL\include\glm\ext\../detail/type_vec2.hpp(143): warning : __device__ annotation is ignored on a function("operator=") that is explicitly defaulted on its first declaration
  
C:\Users\andyb\OneDrive\Documentos\gpu\GL\include\glm\ext\../detail/type_vec2.hpp(143): warning : __host__ annotation is ignored on a function("operator=") that is explicitly defaulted on its first declaration
  
C:\Users\andyb\OneDrive\Documentos\gpu\GL\include\glm\ext\../detail/type_vec3.hpp(98): warning : __device__ annotation is ignored on a function("vec") that is explicitly defaulted on its first declaration
  
C:\Users\andyb\OneDrive\Documentos\gpu\GL\include\glm\ext\../detail/type_vec3.hpp(98): warning : __host__ annotation is ignored on a function("vec") that is explicitly defaulted on its first declaration
  
C:\Users\andyb\OneDrive\Documentos\gpu\GL\include\glm\ext\../detail/type_vec3.hpp(99): warning : __device__ annotation is ignored on a function("vec") that is explicitly defaulted on its first declaration
  
C:\Users\andyb\OneDrive\Documentos\gpu\GL\include\glm\ext\../detail/type_vec3.hpp(99): warning : __host__ annotation is ignored on a function("vec") that is explicitly defaulted on its first declaration
  
C:\Users\andyb\OneDrive\Documentos\gpu\GL\include\glm\ext\../detail/type_vec3.hpp(176): warning : __device__ annotation is ignored on a function("operator=") that is explicitly defaulted on its first declaration
  
C:\Users\andyb\OneDrive\Documentos\gpu\GL\include\glm\ext\../detail/type_vec3.hpp(176): warning : __host__ annotation is ignored on a function("operator=") that is explicitly defaulted on its first declaration
  
C:\Users\andyb\OneDrive\Documentos\gpu\GL\include\glm\ext\../detail/type_vec4.hpp(97): warning : __device__ annotation is ignored on a function("vec") that is explicitly defaulted on its first declaration
  
C:\Users\andyb\OneDrive\Documentos\gpu\GL\include\glm\ext\../detail/type_vec4.hpp(97): warning : __host__ annotation is ignored on a function("vec") that is explicitly defaulted on its first declaration
  
C:\Users\andyb\OneDrive\Documentos\gpu\GL\include\glm\ext\../detail/type_vec4.hpp(98): warning : __device__ annotation is ignored on a function("vec") that is explicitly defaulted on its first declaration
  
C:\Users\andyb\OneDrive\Documentos\gpu\GL\include\glm\ext\../detail/type_vec4.hpp(98): warning : __host__ annotation is ignored on a function("vec") that is explicitly defaulted on its first declaration
  
C:\Users\andyb\OneDrive\Documentos\gpu\GL\include\glm\ext\../detail/type_vec4.hpp(249): warning : __device__ annotation is ignored on a function("operator=") that is explicitly defaulted on its first declaration
  
C:\Users\andyb\OneDrive\Documentos\gpu\GL\include\glm\ext\../detail/type_vec4.hpp(249): warning : __host__ annotation is ignored on a function("operator=") that is explicitly defaulted on its first declaration
  
C:\Users\andyb\OneDrive\Documentos\gpu\GL\include\glm\ext\../detail/type_mat2x2.hpp(35): warning : __device__ annotation is ignored on a function("mat") that is explicitly defaulted on its first declaration
  
C:\Users\andyb\OneDrive\Documentos\gpu\GL\include\glm\ext\../detail/type_mat2x2.hpp(35): warning : __host__ annotation is ignored on a function("mat") that is explicitly defaulted on its first declaration
  
C:\Users\andyb\OneDrive\Documentos\gpu\GL\include\glm\ext\../detail/type_mat2x3.hpp(36): warning : __device__ annotation is ignored on a function("mat") that is explicitly defaulted on its first declaration
  
C:\Users\andyb\OneDrive\Documentos\gpu\GL\include\glm\ext\../detail/type_mat2x3.hpp(36): warning : __host__ annotation is ignored on a function("mat") that is explicitly defaulted on its first declaration
  
C:\Users\andyb\OneDrive\Documentos\gpu\GL\include\glm\ext\../detail/type_mat2x4.hpp(36): warning : __device__ annotation is ignored on a function("mat") that is explicitly defaulted on its first declaration
  
C:\Users\andyb\OneDrive\Documentos\gpu\GL\include\glm\ext\../detail/type_mat2x4.hpp(36): warning : __host__ annotation is ignored on a function("mat") that is explicitly defaulted on its first declaration
  
C:\Users\andyb\OneDrive\Documentos\gpu\GL\include\glm\ext\../detail/type_mat3x2.hpp(36): warning : __device__ annotation is ignored on a function("mat") that is explicitly defaulted on its first declaration
  
C:\Users\andyb\OneDrive\Documentos\gpu\GL\include\glm\ext\../detail/type_mat3x2.hpp(36): warning : __host__ annotation is ignored on a function("mat") that is explicitly defaulted on its first declaration
  
C:\Users\andyb\OneDrive\Documentos\gpu\GL\include\glm\ext\../detail/type_mat3x3.hpp(35): warning : __device__ annotation is ignored on a function("mat") that is explicitly defaulted on its first declaration
  
C:\Users\andyb\OneDrive\Documentos\gpu\GL\include\glm\ext\../detail/type_mat3x3.hpp(35): warning : __host__ annotation is ignored on a function("mat") that is explicitly defaulted on its first declaration
  
C:\Users\andyb\OneDrive\Documentos\gpu\GL\include\glm\ext\../detail/type_mat3x4.hpp(36): warning : __device__ annotation is ignored on a function("mat") that is explicitly defaulted on its first declaration
  
C:\Users\andyb\OneDrive\Documentos\gpu\GL\include\glm\ext\../detail/type_mat3x4.hpp(36): warning : __host__ annotation is ignored on a function("mat") that is explicitly defaulted on its first declaration
  
C:\Users\andyb\OneDrive\Documentos\gpu\GL\include\glm\ext\../detail/type_mat4x2.hpp(36): warning : __device__ annotation is ignored on a function("mat") that is explicitly defaulted on its first declaration
  
C:\Users\andyb\OneDrive\Documentos\gpu\GL\include\glm\ext\../detail/type_mat4x2.hpp(36): warning : __host__ annotation is ignored on a function("mat") that is explicitly defaulted on its first declaration
  
C:\Users\andyb\OneDrive\Documentos\gpu\GL\include\glm\ext\../detail/type_mat4x3.hpp(36): warning : __device__ annotation is ignored on a function("mat") that is explicitly defaulted on its first declaration
  
C:\Users\andyb\OneDrive\Documentos\gpu\GL\include\glm\ext\../detail/type_mat4x3.hpp(36): warning : __host__ annotation is ignored on a function("mat") that is explicitly defaulted on its first declaration
  
C:\Users\andyb\OneDrive\Documentos\gpu\GL\include\glm\ext\../detail/type_mat4x4.hpp(35): warning : __device__ annotation is ignored on a function("mat") that is explicitly defaulted on its first declaration
  
C:\Users\andyb\OneDrive\Documentos\gpu\GL\include\glm\ext\../detail/type_mat4x4.hpp(35): warning : __host__ annotation is ignored on a function("mat") that is explicitly defaulted on its first declaration
  
C:\Users\andyb\OneDrive\Documentos\gpu\GL\include\glm\detail/type_vec1.hpp(95): warning : __device__ annotation is ignored on a function("vec") that is explicitly defaulted on its first declaration
  
C:\Users\andyb\OneDrive\Documentos\gpu\GL\include\glm\detail/type_vec1.hpp(95): warning : __host__ annotation is ignored on a function("vec") that is explicitly defaulted on its first declaration
  
C:\Users\andyb\OneDrive\Documentos\gpu\GL\include\glm\detail/type_vec1.hpp(96): warning : __device__ annotation is ignored on a function("vec") that is explicitly defaulted on its first declaration
  
C:\Users\andyb\OneDrive\Documentos\gpu\GL\include\glm\detail/type_vec1.hpp(96): warning : __host__ annotation is ignored on a function("vec") that is explicitly defaulted on its first declaration
  
C:\Users\andyb\OneDrive\Documentos\gpu\GL\include\glm\detail/type_vec1.hpp(132): warning : __device__ annotation is ignored on a function("operator=") that is explicitly defaulted on its first declaration
  
C:\Users\andyb\OneDrive\Documentos\gpu\GL\include\glm\detail/type_vec1.hpp(132): warning : __host__ annotation is ignored on a function("operator=") that is explicitly defaulted on its first declaration
  
C:\Users\andyb\OneDrive\Documentos\gpu\GL\include\glm\ext\../detail/type_quat.hpp(83): warning : __device__ annotation is ignored on a function("qua") that is explicitly defaulted on its first declaration
  
C:\Users\andyb\OneDrive\Documentos\gpu\GL\include\glm\ext\../detail/type_quat.hpp(83): warning : __host__ annotation is ignored on a function("qua") that is explicitly defaulted on its first declaration
  
C:\Users\andyb\OneDrive\Documentos\gpu\GL\include\glm\ext\../detail/type_quat.hpp(84): warning : __device__ annotation is ignored on a function("qua") that is explicitly defaulted on its first declaration
  
C:\Users\andyb\OneDrive\Documentos\gpu\GL\include\glm\ext\../detail/type_quat.hpp(84): warning : __host__ annotation is ignored on a function("qua") that is explicitly defaulted on its first declaration
  
C:\Users\andyb\OneDrive\Documentos\gpu\GL\include\glm\ext\../detail/type_quat.hpp(119): warning : __device__ annotation is ignored on a function("operator=") that is explicitly defaulted on its first declaration
  
C:\Users\andyb\OneDrive\Documentos\gpu\GL\include\glm\ext\../detail/type_quat.hpp(119): warning : __host__ annotation is ignored on a function("operator=") that is explicitly defaulted on its first declaration
  
C:/Users/andyb/source/repos/particulas/particulas/kernel.cu(269): warning : integer conversion resulted in a change of sign
  
C:/Users/andyb/source/repos/particulas/particulas/kernel.cu(269): warning : integer conversion resulted in a change of sign
  
C:/Users/andyb/source/repos/particulas/particulas/kernel.cu(269): warning : integer conversion resulted in a change of sign
  
C:/Users/andyb/source/repos/particulas/particulas/kernel.cu(269): warning : integer conversion resulted in a change of sign
  
C:/Users/andyb/source/repos/particulas/particulas/kernel.cu(270): warning : integer conversion resulted in a change of sign
  
C:/Users/andyb/source/repos/particulas/particulas/kernel.cu(270): warning : integer conversion resulted in a change of sign
  
C:/Users/andyb/source/repos/particulas/particulas/kernel.cu(270): warning : integer conversion resulted in a change of sign
  
C:/Users/andyb/source/repos/particulas/particulas/kernel.cu(270): warning : integer conversion resulted in a change of sign
  
C:\Users\andyb\OneDrive\Documentos\gpu\GL\include\glm\ext\matrix_clip_space.inl(251): warning : calling a constexpr __host__ function("epsilon") from a __host__ __device__ function("perspectiveRH_NO") is not allowed. The experimental flag '--expt-relaxed-constexpr' can be used to allow this.
            detected during:
              instantiation of "glm::mat<4, 4, T, glm::packed_highp> glm::perspectiveRH_NO(T, T, T, T) [with T=float]" 
  (347): here
              instantiation of "glm::mat<4, 4, T, glm::packed_highp> glm::perspective(T, T, T, T) [with T=float]" 
  C:/Users/andyb/source/repos/particulas/particulas/kernel.cu(633): here
  
C:\Users\andyb\OneDrive\Documentos\gpu\GL\include\glm\ext\../detail/type_vec2.hpp(94): warning : __device__ annotation is ignored on a function("vec") that is explicitly defaulted on its first declaration
  
C:\Users\andyb\OneDrive\Documentos\gpu\GL\include\glm\ext\../detail/type_vec2.hpp(94): warning : __host__ annotation is ignored on a function("vec") that is explicitly defaulted on its first declaration
  
C:\Users\andyb\OneDrive\Documentos\gpu\GL\include\glm\ext\../detail/type_vec2.hpp(95): warning : __device__ annotation is ignored on a function("vec") that is explicitly defaulted on its first declaration
  
C:\Users\andyb\OneDrive\Documentos\gpu\GL\include\glm\ext\../detail/type_vec2.hpp(95): warning : __host__ annotation is ignored on a function("vec") that is explicitly defaulted on its first declaration
  
C:\Users\andyb\OneDrive\Documentos\gpu\GL\include\glm\ext\../detail/type_vec2.hpp(143): warning : __device__ annotation is ignored on a function("operator=") that is explicitly defaulted on its first declaration
  
C:\Users\andyb\OneDrive\Documentos\gpu\GL\include\glm\ext\../detail/type_vec2.hpp(143): warning : __host__ annotation is ignored on a function("operator=") that is explicitly defaulted on its first declaration
  
C:\Users\andyb\OneDrive\Documentos\gpu\GL\include\glm\ext\../detail/type_vec3.hpp(98): warning : __device__ annotation is ignored on a function("vec") that is explicitly defaulted on its first declaration
  
C:\Users\andyb\OneDrive\Documentos\gpu\GL\include\glm\ext\../detail/type_vec3.hpp(98): warning : __host__ annotation is ignored on a function("vec") that is explicitly defaulted on its first declaration
  
C:\Users\andyb\OneDrive\Documentos\gpu\GL\include\glm\ext\../detail/type_vec3.hpp(99): warning : __device__ annotation is ignored on a function("vec") that is explicitly defaulted on its first declaration
  
C:\Users\andyb\OneDrive\Documentos\gpu\GL\include\glm\ext\../detail/type_vec3.hpp(99): warning : __host__ annotation is ignored on a function("vec") that is explicitly defaulted on its first declaration
  
C:\Users\andyb\OneDrive\Documentos\gpu\GL\include\glm\ext\../detail/type_vec3.hpp(176): warning : __device__ annotation is ignored on a function("operator=") that is explicitly defaulted on its first declaration
  
C:\Users\andyb\OneDrive\Documentos\gpu\GL\include\glm\ext\../detail/type_vec3.hpp(176): warning : __host__ annotation is ignored on a function("operator=") that is explicitly defaulted on its first declaration
  
C:\Users\andyb\OneDrive\Documentos\gpu\GL\include\glm\ext\../detail/type_vec4.hpp(97): warning : __device__ annotation is ignored on a function("vec") that is explicitly defaulted on its first declaration
  
C:\Users\andyb\OneDrive\Documentos\gpu\GL\include\glm\ext\../detail/type_vec4.hpp(97): warning : __host__ annotation is ignored on a function("vec") that is explicitly defaulted on its first declaration
  
C:\Users\andyb\OneDrive\Documentos\gpu\GL\include\glm\ext\../detail/type_vec4.hpp(98): warning : __device__ annotation is ignored on a function("vec") that is explicitly defaulted on its first declaration
  
C:\Users\andyb\OneDrive\Documentos\gpu\GL\include\glm\ext\../detail/type_vec4.hpp(98): warning : __host__ annotation is ignored on a function("vec") that is explicitly defaulted on its first declaration
  
C:\Users\andyb\OneDrive\Documentos\gpu\GL\include\glm\ext\../detail/type_vec4.hpp(249): warning : __device__ annotation is ignored on a function("operator=") that is explicitly defaulted on its first declaration
  
C:\Users\andyb\OneDrive\Documentos\gpu\GL\include\glm\ext\../detail/type_vec4.hpp(249): warning : __host__ annotation is ignored on a function("operator=") that is explicitly defaulted on its first declaration
  
C:\Users\andyb\OneDrive\Documentos\gpu\GL\include\glm\ext\../detail/type_mat2x2.hpp(35): warning : __device__ annotation is ignored on a function("mat") that is explicitly defaulted on its first declaration
  
C:\Users\andyb\OneDrive\Documentos\gpu\GL\include\glm\ext\../detail/type_mat2x2.hpp(35): warning : __host__ annotation is ignored on a function("mat") that is explicitly defaulted on its first declaration
  
C:\Users\andyb\OneDrive\Documentos\gpu\GL\include\glm\ext\../detail/type_mat2x3.hpp(36): warning : __device__ annotation is ignored on a function("mat") that is explicitly defaulted on its first declaration
  
C:\Users\andyb\OneDrive\Documentos\gpu\GL\include\glm\ext\../detail/type_mat2x3.hpp(36): warning : __host__ annotation is ignored on a function("mat") that is explicitly defaulted on its first declaration
  
C:\Users\andyb\OneDrive\Documentos\gpu\GL\include\glm\ext\../detail/type_mat2x4.hpp(36): warning : __device__ annotation is ignored on a function("mat") that is explicitly defaulted on its first declaration
  
C:\Users\andyb\OneDrive\Documentos\gpu\GL\include\glm\ext\../detail/type_mat2x4.hpp(36): warning : __host__ annotation is ignored on a function("mat") that is explicitly defaulted on its first declaration
  
C:\Users\andyb\OneDrive\Documentos\gpu\GL\include\glm\ext\../detail/type_mat3x2.hpp(36): warning : __device__ annotation is ignored on a function("mat") that is explicitly defaulted on its first declaration
  
C:\Users\andyb\OneDrive\Documentos\gpu\GL\include\glm\ext\../detail/type_mat3x2.hpp(36): warning : __host__ annotation is ignored on a function("mat") that is explicitly defaulted on its first declaration
  
C:\Users\andyb\OneDrive\Documentos\gpu\GL\include\glm\ext\../detail/type_mat3x3.hpp(35): warning : __device__ annotation is ignored on a function("mat") that is explicitly defaulted on its first declaration
  
C:\Users\andyb\OneDrive\Documentos\gpu\GL\include\glm\ext\../detail/type_mat3x3.hpp(35): warning : __host__ annotation is ignored on a function("mat") that is explicitly defaulted on its first declaration
  
C:\Users\andyb\OneDrive\Documentos\gpu\GL\include\glm\ext\../detail/type_mat3x4.hpp(36): warning : __device__ annotation is ignored on a function("mat") that is explicitly defaulted on its first declaration
  
C:\Users\andyb\OneDrive\Documentos\gpu\GL\include\glm\ext\../detail/type_mat3x4.hpp(36): warning : __host__ annotation is ignored on a function("mat") that is explicitly defaulted on its first declaration
  
C:\Users\andyb\OneDrive\Documentos\gpu\GL\include\glm\ext\../detail/type_mat4x2.hpp(36): warning : __device__ annotation is ignored on a function("mat") that is explicitly defaulted on its first declaration
  
C:\Users\andyb\OneDrive\Documentos\gpu\GL\include\glm\ext\../detail/type_mat4x2.hpp(36): warning : __host__ annotation is ignored on a function("mat") that is explicitly defaulted on its first declaration
  
C:\Users\andyb\OneDrive\Documentos\gpu\GL\include\glm\ext\../detail/type_mat4x3.hpp(36): warning : __device__ annotation is ignored on a function("mat") that is explicitly defaulted on its first declaration
  
C:\Users\andyb\OneDrive\Documentos\gpu\GL\include\glm\ext\../detail/type_mat4x3.hpp(36): warning : __host__ annotation is ignored on a function("mat") that is explicitly defaulted on its first declaration
  
C:\Users\andyb\OneDrive\Documentos\gpu\GL\include\glm\ext\../detail/type_mat4x4.hpp(35): warning : __device__ annotation is ignored on a function("mat") that is explicitly defaulted on its first declaration
  
C:\Users\andyb\OneDrive\Documentos\gpu\GL\include\glm\ext\../detail/type_mat4x4.hpp(35): warning : __host__ annotation is ignored on a function("mat") that is explicitly defaulted on its first declaration
  
C:\Users\andyb\OneDrive\Documentos\gpu\GL\include\glm\detail/type_vec1.hpp(95): warning : __device__ annotation is ignored on a function("vec") that is explicitly defaulted on its first declaration
  
C:\Users\andyb\OneDrive\Documentos\gpu\GL\include\glm\detail/type_vec1.hpp(95): warning : __host__ annotation is ignored on a function("vec") that is explicitly defaulted on its first declaration
  
C:\Users\andyb\OneDrive\Documentos\gpu\GL\include\glm\detail/type_vec1.hpp(96): warning : __device__ annotation is ignored on a function("vec") that is explicitly defaulted on its first declaration
  
C:\Users\andyb\OneDrive\Documentos\gpu\GL\include\glm\detail/type_vec1.hpp(96): warning : __host__ annotation is ignored on a function("vec") that is explicitly defaulted on its first declaration
  
C:\Users\andyb\OneDrive\Documentos\gpu\GL\include\glm\detail/type_vec1.hpp(132): warning : __device__ annotation is ignored on a function("operator=") that is explicitly defaulted on its first declaration
  
C:\Users\andyb\OneDrive\Documentos\gpu\GL\include\glm\detail/type_vec1.hpp(132): warning : __host__ annotation is ignored on a function("operator=") that is explicitly defaulted on its first declaration
  
C:\Users\andyb\OneDrive\Documentos\gpu\GL\include\glm\ext\../detail/type_quat.hpp(83): warning : __device__ annotation is ignored on a function("qua") that is explicitly defaulted on its first declaration
  
C:\Users\andyb\OneDrive\Documentos\gpu\GL\include\glm\ext\../detail/type_quat.hpp(83): warning : __host__ annotation is ignored on a function("qua") that is explicitly defaulted on its first declaration
  
C:\Users\andyb\OneDrive\Documentos\gpu\GL\include\glm\ext\../detail/type_quat.hpp(84): warning : __device__ annotation is ignored on a function("qua") that is explicitly defaulted on its first declaration
  
C:\Users\andyb\OneDrive\Documentos\gpu\GL\include\glm\ext\../detail/type_quat.hpp(84): warning : __host__ annotation is ignored on a function("qua") that is explicitly defaulted on its first declaration
  
C:\Users\andyb\OneDrive\Documentos\gpu\GL\include\glm\ext\../detail/type_quat.hpp(119): warning : __device__ annotation is ignored on a function("operator=") that is explicitly defaulted on its first declaration
  
C:\Users\andyb\OneDrive\Documentos\gpu\GL\include\glm\ext\../detail/type_quat.hpp(119): warning : __host__ annotation is ignored on a function("operator=") that is explicitly defaulted on its first declaration
  
C:/Users/andyb/source/repos/particulas/particulas/kernel.cu(269): warning : integer conversion resulted in a change of sign
  
C:/Users/andyb/source/repos/particulas/particulas/kernel.cu(269): warning : integer conversion resulted in a change of sign
  
C:/Users/andyb/source/repos/particulas/particulas/kernel.cu(269): warning : integer conversion resulted in a change of sign
  
C:/Users/andyb/source/repos/particulas/particulas/kernel.cu(269): warning : integer conversion resulted in a change of sign
  
C:/Users/andyb/source/repos/particulas/particulas/kernel.cu(270): warning : integer conversion resulted in a change of sign
  
C:/Users/andyb/source/repos/particulas/particulas/kernel.cu(270): warning : integer conversion resulted in a change of sign
  
C:/Users/andyb/source/repos/particulas/particulas/kernel.cu(270): warning : integer conversion resulted in a change of sign
  
C:/Users/andyb/source/repos/particulas/particulas/kernel.cu(270): warning : integer conversion resulted in a change of sign
  
  kernel.cu
C:\Users\andyb\OneDrive\Documentos\gpu\GL\include\learnopengl/shader_s.h(44): warning C4101: 'e': variable local sin referencia
C:/Users/andyb/source/repos/particulas/particulas/kernel.cu(44): warning C4244: 'inicializando': conversión de 'double' a 'int'; posible pérdida de datos
C:/Users/andyb/source/repos/particulas/particulas/kernel.cu(46): warning C4305: 'inicializando': truncamiento de 'double' a 'float'
C:/Users/andyb/source/repos/particulas/particulas/kernel.cu(269): warning C4838: la conversión de 'int' en 'GLuint' requiere una conversión de restricción
C:/Users/andyb/source/repos/particulas/particulas/kernel.cu(269): warning C4838: la conversión de 'int' en 'GLuint' requiere una conversión de restricción
C:/Users/andyb/source/repos/particulas/particulas/kernel.cu(269): warning C4838: la conversión de 'int' en 'GLuint' requiere una conversión de restricción
C:/Users/andyb/source/repos/particulas/particulas/kernel.cu(269): warning C4838: la conversión de 'int' en 'GLuint' requiere una conversión de restricción
C:/Users/andyb/source/repos/particulas/particulas/kernel.cu(270): warning C4838: la conversión de 'int' en 'GLuint' requiere una conversión de restricción
C:/Users/andyb/source/repos/particulas/particulas/kernel.cu(270): warning C4838: la conversión de 'int' en 'GLuint' requiere una conversión de restricción
C:/Users/andyb/source/repos/particulas/particulas/kernel.cu(270): warning C4838: la conversión de 'int' en 'GLuint' requiere una conversión de restricción
C:/Users/andyb/source/repos/particulas/particulas/kernel.cu(270): warning C4838: la conversión de 'int' en 'GLuint' requiere una conversión de restricción
C:/Users/andyb/source/repos/particulas/particulas/kernel.cu(276): warning C4244: 'return': conversión de 'double' a 'float'; posible pérdida de datos
C:/Users/andyb/source/repos/particulas/particulas/kernel.cu(284): warning C4305: '=': truncamiento de 'double' a 'GLfloat'
C:/Users/andyb/source/repos/particulas/particulas/kernel.cu(616): warning C4244: 'inicializando': conversión de 'double' a 'float'; posible pérdida de datos
C:/Users/andyb/source/repos/particulas/particulas/kernel.cu(827): warning C4244: '=': conversión de 'double' a 'float'; posible pérdida de datos
C:/Users/andyb/source/repos/particulas/particulas/kernel.cu(828): warning C4244: '=': conversión de 'double' a 'float'; posible pérdida de datos
C:/Users/andyb/source/repos/particulas/particulas/kernel.cu(832): warning C4244: 'inicializando': conversión de 'double' a 'float'; posible pérdida de datos
C:/Users/andyb/source/repos/particulas/particulas/kernel.cu(833): warning C4244: 'inicializando': conversión de 'double' a 'float'; posible pérdida de datos
C:/Users/andyb/source/repos/particulas/particulas/kernel.cu(835): warning C4244: '=': conversión de 'double' a 'float'; posible pérdida de datos
C:/Users/andyb/source/repos/particulas/particulas/kernel.cu(836): warning C4244: '=': conversión de 'double' a 'float'; posible pérdida de datos
C:/Users/andyb/source/repos/particulas/particulas/kernel.cu(845): warning C4244: 'argumento': conversión de 'double' a 'float'; posible pérdida de datos
  particulas.vcxproj -> C:\Users\andyb\source\repos\particulas\x64\Debug\particulas.exe
