c:\users\andyb\source\repos\particulas\particulas\x64\debug\vc142.pdb
c:\users\andyb\source\repos\particulas\particulas\x64\debug\vc142.idb
c:\users\andyb\source\repos\particulas\particulas\x64\debug\glad.obj
c:\users\andyb\source\repos\particulas\particulas\x64\debug\stb_image.obj
c:\users\andyb\source\repos\particulas\x64\debug\particulas.exe
c:\users\andyb\source\repos\particulas\x64\debug\particulas.ilk
c:\users\andyb\source\repos\particulas\x64\debug\particulas.pdb
c:\users\andyb\source\repos\particulas\x64\debug\particulas.lib
c:\users\andyb\source\repos\particulas\x64\debug\particulas.exp
c:\users\andyb\source\repos\particulas\particulas\x64\debug\particulas.res
c:\users\andyb\source\repos\particulas\particulas\x64\debug\kernel.cu.cache
c:\users\andyb\source\repos\particulas\particulas\x64\debug\kernel.cu.obj
c:\users\andyb\source\repos\particulas\particulas\x64\debug\particulas.tlog\cl.command.1.tlog
c:\users\andyb\source\repos\particulas\particulas\x64\debug\particulas.tlog\cl.read.1.tlog
c:\users\andyb\source\repos\particulas\particulas\x64\debug\particulas.tlog\cl.write.1.tlog
c:\users\andyb\source\repos\particulas\particulas\x64\debug\particulas.tlog\cudacompile.read.1u.tlog
c:\users\andyb\source\repos\particulas\particulas\x64\debug\particulas.tlog\cudacompile.write.1u.tlog
c:\users\andyb\source\repos\particulas\particulas\x64\debug\particulas.tlog\link.command.1.tlog
c:\users\andyb\source\repos\particulas\particulas\x64\debug\particulas.tlog\link.read.1.tlog
c:\users\andyb\source\repos\particulas\particulas\x64\debug\particulas.tlog\link.write.1.tlog
c:\users\andyb\source\repos\particulas\particulas\x64\debug\particulas.tlog\particulas.write.1u.tlog
c:\users\andyb\source\repos\particulas\particulas\x64\debug\particulas.tlog\rc.command.1.tlog
c:\users\andyb\source\repos\particulas\particulas\x64\debug\particulas.tlog\rc.read.1.tlog
c:\users\andyb\source\repos\particulas\particulas\x64\debug\particulas.tlog\rc.write.1.tlog
